Using pre-set license
Built from '2022.3/staging' branch; Version is '2022.3.10f1 (ff3792e53c62) revision 16725906'; Using compiler version '192829333'; Build Type 'Release'
OS: 'Windows 10  (10.0.19045) 64bit Professional' Language: 'en' Physical Memory: 16332 MB
BatchMode: 1, IsHumanControllingUs: 0, StartBugReporterOnCrash: 0, Is64bit: 1, IsPro: 1

COMMAND LINE ARGUMENTS:
D:\2022.3.10f1\Editor\Unity.exe
-adb2
-batchMode
-noUpm
-name
AssetImportWorker1
-projectPath
D:/GitHub/BattleForTheArctic/BattleForTheArctic
-logFile
Logs/AssetImportWorker1.log
-srvPort
49389
Successfully changed project path to: D:/GitHub/BattleForTheArctic/BattleForTheArctic
D:/GitHub/BattleForTheArctic/BattleForTheArctic
[UnityMemory] Configuration Parameters - Can be set up in boot.config
    "memorysetup-bucket-allocator-granularity=16"
    "memorysetup-bucket-allocator-bucket-count=8"
    "memorysetup-bucket-allocator-block-size=33554432"
    "memorysetup-bucket-allocator-block-count=8"
    "memorysetup-main-allocator-block-size=16777216"
    "memorysetup-thread-allocator-block-size=16777216"
    "memorysetup-gfx-main-allocator-block-size=16777216"
    "memorysetup-gfx-thread-allocator-block-size=16777216"
    "memorysetup-cache-allocator-block-size=4194304"
    "memorysetup-typetree-allocator-block-size=2097152"
    "memorysetup-profiler-bucket-allocator-granularity=16"
    "memorysetup-profiler-bucket-allocator-bucket-count=8"
    "memorysetup-profiler-bucket-allocator-block-size=33554432"
    "memorysetup-profiler-bucket-allocator-block-count=8"
    "memorysetup-profiler-allocator-block-size=16777216"
    "memorysetup-profiler-editor-allocator-block-size=1048576"
    "memorysetup-temp-allocator-size-main=16777216"
    "memorysetup-job-temp-allocator-block-size=2097152"
    "memorysetup-job-temp-allocator-block-size-background=1048576"
    "memorysetup-job-temp-allocator-reduction-small-platforms=262144"
    "memorysetup-allocator-temp-initial-block-size-main=262144"
    "memorysetup-allocator-temp-initial-block-size-worker=262144"
    "memorysetup-temp-allocator-size-background-worker=32768"
    "memorysetup-temp-allocator-size-job-worker=262144"
    "memorysetup-temp-allocator-size-preload-manager=33554432"
    "memorysetup-temp-allocator-size-nav-mesh-worker=65536"
    "memorysetup-temp-allocator-size-audio-worker=65536"
    "memorysetup-temp-allocator-size-cloud-worker=32768"
    "memorysetup-temp-allocator-size-gi-baking-worker=262144"
    "memorysetup-temp-allocator-size-gfx=262144"
Player connection [14748] Host "[IP] 192.168.1.202 [Port] 0 [Flags] 2 [Guid] 1792345659 [EditorId] 1792345659 [Version] 1048832 [Id] WindowsEditor(7,DragonReborn) [Debug] 1 [PackageName] WindowsEditor [ProjectName] Editor" joined multi-casting on [225.0.0.222:54997]...

Player connection [14748] Host "[IP] 192.168.1.202 [Port] 0 [Flags] 2 [Guid] 1792345659 [EditorId] 1792345659 [Version] 1048832 [Id] WindowsEditor(7,DragonReborn) [Debug] 1 [PackageName] WindowsEditor [ProjectName] Editor" joined alternative multi-casting on [225.0.0.222:34997]...

[Physics::Module] Initialized MultithreadedJobDispatcher with 7 workers.
Refreshing native plugins compatible for Editor in 16.72 ms, found 3 plugins.
Preloading 0 native plugins for Editor in 0.00 ms.
Initialize engine version: 2022.3.10f1 (ff3792e53c62)
[Subsystems] Discovering subsystems at path D:/2022.3.10f1/Editor/Data/Resources/UnitySubsystems
[Subsystems] Discovering subsystems at path D:/GitHub/BattleForTheArctic/BattleForTheArctic/Assets
GfxDevice: creating device client; threaded=0; jobified=0
Direct3D:
    Version:  Direct3D 11.0 [level 11.1]
    Renderer: NVIDIA GeForce GTX 1080 Ti (ID=0x1b06)
    Vendor:   NVIDIA
    VRAM:     11120 MB
    Driver:   31.0.15.3623
Initialize mono
Mono path[0] = 'D:/2022.3.10f1/Editor/Data/Managed'
Mono path[1] = 'D:/2022.3.10f1/Editor/Data/MonoBleedingEdge/lib/mono/unityjit-win32'
Mono config path = 'D:/2022.3.10f1/Editor/Data/MonoBleedingEdge/etc'
Using monoOptions --debugger-agent=transport=dt_socket,embedding=1,server=y,suspend=n,address=127.0.0.1:56232
Begin MonoManager ReloadAssembly
Registering precompiled unity dll's ...
Register platform support module: D:/2022.3.10f1/Editor/Data/PlaybackEngines/WebGLSupport/UnityEditor.WebGL.Extensions.dll
Register platform support module: D:/2022.3.10f1/Editor/Data/PlaybackEngines/MacStandaloneSupport/UnityEditor.OSXStandalone.Extensions.dll
Register platform support module: D:/2022.3.10f1/Editor/Data/PlaybackEngines/WindowsStandaloneSupport/UnityEditor.WindowsStandalone.Extensions.dll
Register platform support module: D:/2022.3.10f1/Editor/Data/PlaybackEngines/MetroSupport/UnityEditor.UWP.Extensions.dll
Registered in 0.011795 seconds.
- Loaded All Assemblies, in  0.437 seconds
Native extension for UWP target not found
Native extension for WindowsStandalone target not found
Native extension for OSXStandalone target not found
Native extension for WebGL target not found
Mono: successfully reloaded assembly
- Finished resetting the current domain, in  0.281 seconds
Domain Reload Profiling: 718ms
	BeginReloadAssembly (132ms)
		ExecutionOrderSort (0ms)
		DisableScriptedObjects (0ms)
		BackupInstance (0ms)
		ReleaseScriptingObjects (0ms)
		CreateAndSetChildDomain (2ms)
	RebuildCommonClasses (45ms)
	RebuildNativeTypeToScriptingClass (12ms)
	initialDomainReloadingComplete (70ms)
	LoadAllAssembliesAndSetupDomain (177ms)
		LoadAssemblies (131ms)
		RebuildTransferFunctionScriptingTraits (0ms)
		AnalyzeDomain (173ms)
			TypeCache.Refresh (172ms)
				TypeCache.ScanAssembly (156ms)
			ScanForSourceGeneratedMonoScriptInfo (0ms)
			ResolveRequiredComponents (0ms)
	FinalizeReload (281ms)
		ReleaseScriptCaches (0ms)
		RebuildScriptCaches (0ms)
		SetupLoadedEditorAssemblies (216ms)
			LogAssemblyErrors (0ms)
			InitializePlatformSupportModulesInManaged (13ms)
			SetLoadedEditorAssemblies (5ms)
			RefreshPlugins (0ms)
			BeforeProcessingInitializeOnLoad (3ms)
			ProcessInitializeOnLoadAttributes (137ms)
			ProcessInitializeOnLoadMethodAttributes (59ms)
			AfterProcessingInitializeOnLoad (0ms)
			EditorAssembliesLoaded (0ms)
		ExecutionOrderSort2 (0ms)
		AwakeInstancesAfterBackupRestoration (0ms)
========================================================================
Worker process is ready to serve import requests
Begin MonoManager ReloadAssembly
- Loaded All Assemblies, in  1.004 seconds
Refreshing native plugins compatible for Editor in 4.87 ms, found 3 plugins.
Native extension for UWP target not found
Native extension for WindowsStandalone target not found
Native extension for OSXStandalone target not found
Native extension for WebGL target not found
Package Manager log level set to [2]
[Package Manager] Server::EnsureServerProcessIsRunning -- launch failed, reason: Unity was launched with the -noUpm command-line argument
[Package Manager] UpmClient::Send -- Unable to send message (not connected to UPM process).
[Package Manager] Cannot connect to Unity Package Manager local server
Mono: successfully reloaded assembly
- Finished resetting the current domain, in  1.283 seconds
Domain Reload Profiling: 2286ms
	BeginReloadAssembly (199ms)
		ExecutionOrderSort (0ms)
		DisableScriptedObjects (5ms)
		BackupInstance (0ms)
		ReleaseScriptingObjects (0ms)
		CreateAndSetChildDomain (34ms)
	RebuildCommonClasses (44ms)
	RebuildNativeTypeToScriptingClass (12ms)
	initialDomainReloadingComplete (47ms)
	LoadAllAssembliesAndSetupDomain (701ms)
		LoadAssemblies (416ms)
		RebuildTransferFunctionScriptingTraits (0ms)
		AnalyzeDomain (400ms)
			TypeCache.Refresh (341ms)
				TypeCache.ScanAssembly (317ms)
			ScanForSourceGeneratedMonoScriptInfo (41ms)
			ResolveRequiredComponents (15ms)
	FinalizeReload (1284ms)
		ReleaseScriptCaches (0ms)
		RebuildScriptCaches (0ms)
		SetupLoadedEditorAssemblies (1023ms)
			LogAssemblyErrors (0ms)
			InitializePlatformSupportModulesInManaged (12ms)
			SetLoadedEditorAssemblies (4ms)
			RefreshPlugins (0ms)
			BeforeProcessingInitializeOnLoad (106ms)
			ProcessInitializeOnLoadAttributes (624ms)
			ProcessInitializeOnLoadMethodAttributes (274ms)
			AfterProcessingInitializeOnLoad (4ms)
			EditorAssembliesLoaded (0ms)
		ExecutionOrderSort2 (0ms)
		AwakeInstancesAfterBackupRestoration (10ms)
Shader 'Digger/Mesh/URP/Lit-Pass3': fallback shader 'Hidden/Universal Render Pipeline/FallbackError' not found
WARNING: Shader Unsupported: 'Digger/Mesh/URP/Lit-Pass3' - All subshaders removed
WARNING: Shader Did you use #pragma only_renderers and omit this platform?
WARNING: Shader If subshaders removal was intentional, you may have forgotten turning Fallback off?
WARNING: Shader Unsupported: 'Digger/Mesh/URP/Lit-Pass3' - All subshaders removed
WARNING: Shader Did you use #pragma only_renderers and omit this platform?
WARNING: Shader If subshaders removal was intentional, you may have forgotten turning Fallback off?
Shader 'Digger/Terrain/URP/Lit': fallback shader 'Hidden/Universal Render Pipeline/FallbackError' not found
Shader 'Hidden/Digger/Terrain/URP/Lit (Add Pass)': fallback shader 'Hidden/Universal Render Pipeline/FallbackError' not found
WARNING: Shader Unsupported: 'Hidden/Digger/Terrain/URP/Lit (Add Pass)' - All subshaders removed
WARNING: Shader Did you use #pragma only_renderers and omit this platform?
WARNING: Shader If subshaders removal was intentional, you may have forgotten turning Fallback off?
WARNING: Shader Unsupported: 'Hidden/Digger/Terrain/URP/Lit (Add Pass)' - All subshaders removed
WARNING: Shader Did you use #pragma only_renderers and omit this platform?
WARNING: Shader If subshaders removal was intentional, you may have forgotten turning Fallback off?
Shader 'Digger/Terrain/URP/Lit': dependency 'BaseMapShader' shader 'Hidden/Universal Render Pipeline/Terrain/Lit (Base Pass)' not found
Shader 'Digger/Terrain/URP/Lit': dependency 'BaseMapGenShader' shader 'Hidden/Universal Render Pipeline/Terrain/Lit (Basemap Gen)' not found
WARNING: Shader Unsupported: 'Digger/Terrain/URP/Lit' - All subshaders removed
WARNING: Shader Did you use #pragma only_renderers and omit this platform?
WARNING: Shader If subshaders removal was intentional, you may have forgotten turning Fallback off?
WARNING: Shader Unsupported: 'Digger/Terrain/URP/Lit' - All subshaders removed
WARNING: Shader Did you use #pragma only_renderers and omit this platform?
WARNING: Shader If subshaders removal was intentional, you may have forgotten turning Fallback off?
Shader 'Digger/Mesh/URP/Lit-Pass1': fallback shader 'Hidden/Universal Render Pipeline/FallbackError' not found
WARNING: Shader Unsupported: 'Digger/Mesh/URP/Lit-Pass1' - All subshaders removed
WARNING: Shader Did you use #pragma only_renderers and omit this platform?
WARNING: Shader If subshaders removal was intentional, you may have forgotten turning Fallback off?
WARNING: Shader Unsupported: 'Digger/Mesh/URP/Lit-Pass1' - All subshaders removed
WARNING: Shader Did you use #pragma only_renderers and omit this platform?
WARNING: Shader If subshaders removal was intentional, you may have forgotten turning Fallback off?
Shader 'Digger/Mesh/URP/Lit-Pass2': fallback shader 'Hidden/Universal Render Pipeline/FallbackError' not found
WARNING: Shader Unsupported: 'Digger/Mesh/URP/Lit-Pass2' - All subshaders removed
WARNING: Shader Did you use #pragma only_renderers and omit this platform?
WARNING: Shader If subshaders removal was intentional, you may have forgotten turning Fallback off?
WARNING: Shader Unsupported: 'Digger/Mesh/URP/Lit-Pass2' - All subshaders removed
WARNING: Shader Did you use #pragma only_renderers and omit this platform?
WARNING: Shader If subshaders removal was intentional, you may have forgotten turning Fallback off?
Shader 'Digger/Mesh/URP/Lit-Pass0': fallback shader 'Hidden/Universal Render Pipeline/FallbackError' not found
WARNING: Shader Unsupported: 'Digger/Mesh/URP/Lit-Pass0' - All subshaders removed
WARNING: Shader Did you use #pragma only_renderers and omit this platform?
WARNING: Shader If subshaders removal was intentional, you may have forgotten turning Fallback off?
WARNING: Shader Unsupported: 'Digger/Mesh/URP/Lit-Pass0' - All subshaders removed
WARNING: Shader Did you use #pragma only_renderers and omit this platform?
WARNING: Shader If subshaders removal was intentional, you may have forgotten turning Fallback off?
Shader 'Digger/Terrain/URP/Lit': fallback shader 'Hidden/Universal Render Pipeline/FallbackError' not found
Shader 'Digger/Terrain/URP/Lit': dependency 'BaseMapShader' shader 'Hidden/Universal Render Pipeline/Terrain/Lit (Base Pass)' not found
Shader 'Digger/Terrain/URP/Lit': dependency 'BaseMapGenShader' shader 'Hidden/Universal Render Pipeline/Terrain/Lit (Basemap Gen)' not found
WARNING: Shader Unsupported: 'Digger/Terrain/URP/Lit' - All subshaders removed
WARNING: Shader Did you use #pragma only_renderers and omit this platform?
WARNING: Shader If subshaders removal was intentional, you may have forgotten turning Fallback off?
WARNING: Shader Unsupported: 'Digger/Terrain/URP/Lit' - All subshaders removed
WARNING: Shader Did you use #pragma only_renderers and omit this platform?
WARNING: Shader If subshaders removal was intentional, you may have forgotten turning Fallback off?
Shader 'Digger/Mesh/URP/Lit-Pass2': fallback shader 'Hidden/Universal Render Pipeline/FallbackError' not found
WARNING: Shader Unsupported: 'Digger/Mesh/URP/Lit-Pass2' - All subshaders removed
WARNING: Shader Did you use #pragma only_renderers and omit this platform?
WARNING: Shader If subshaders removal was intentional, you may have forgotten turning Fallback off?
WARNING: Shader Unsupported: 'Digger/Mesh/URP/Lit-Pass2' - All subshaders removed
WARNING: Shader Did you use #pragma only_renderers and omit this platform?
WARNING: Shader If subshaders removal was intentional, you may have forgotten turning Fallback off?
Shader 'Digger/Mesh/URP/Lit-Pass1': fallback shader 'Hidden/Universal Render Pipeline/FallbackError' not found
WARNING: Shader Unsupported: 'Digger/Mesh/URP/Lit-Pass1' - All subshaders removed
WARNING: Shader Did you use #pragma only_renderers and omit this platform?
WARNING: Shader If subshaders removal was intentional, you may have forgotten turning Fallback off?
WARNING: Shader Unsupported: 'Digger/Mesh/URP/Lit-Pass1' - All subshaders removed
WARNING: Shader Did you use #pragma only_renderers and omit this platform?
WARNING: Shader If subshaders removal was intentional, you may have forgotten turning Fallback off?
Shader 'Digger/Mesh/URP/Lit-Pass0': fallback shader 'Hidden/Universal Render Pipeline/FallbackError' not found
WARNING: Shader Unsupported: 'Digger/Mesh/URP/Lit-Pass0' - All subshaders removed
WARNING: Shader Did you use #pragma only_renderers and omit this platform?
WARNING: Shader If subshaders removal was intentional, you may have forgotten turning Fallback off?
WARNING: Shader Unsupported: 'Digger/Mesh/URP/Lit-Pass0' - All subshaders removed
WARNING: Shader Did you use #pragma only_renderers and omit this platform?
WARNING: Shader If subshaders removal was intentional, you may have forgotten turning Fallback off?
Shader 'Hidden/Digger/Terrain/URP/Lit (Add Pass)': fallback shader 'Hidden/Universal Render Pipeline/FallbackError' not found
WARNING: Shader Unsupported: 'Hidden/Digger/Terrain/URP/Lit (Add Pass)' - All subshaders removed
WARNING: Shader Did you use #pragma only_renderers and omit this platform?
WARNING: Shader If subshaders removal was intentional, you may have forgotten turning Fallback off?
WARNING: Shader Unsupported: 'Hidden/Digger/Terrain/URP/Lit (Add Pass)' - All subshaders removed
WARNING: Shader Did you use #pragma only_renderers and omit this platform?
WARNING: Shader If subshaders removal was intentional, you may have forgotten turning Fallback off?
Shader 'Digger/Mesh/URP/Lit-Pass3': fallback shader 'Hidden/Universal Render Pipeline/FallbackError' not found
WARNING: Shader Unsupported: 'Digger/Mesh/URP/Lit-Pass3' - All subshaders removed
WARNING: Shader Did you use #pragma only_renderers and omit this platform?
WARNING: Shader If subshaders removal was intentional, you may have forgotten turning Fallback off?
WARNING: Shader Unsupported: 'Digger/Mesh/URP/Lit-Pass3' - All subshaders removed
WARNING: Shader Did you use #pragma only_renderers and omit this platform?
WARNING: Shader If subshaders removal was intentional, you may have forgotten turning Fallback off?
Launched and connected shader compiler UnityShaderCompiler.exe after 0.06 seconds
Refreshing native plugins compatible for Editor in 5.33 ms, found 3 plugins.
Preloading 0 native plugins for Editor in 0.00 ms.
Unloading 7823 Unused Serialized files (Serialized files now loaded: 0)
Unloading 176 unused Assets / (10.1 MB). Loaded Objects now: 8298.
Memory consumption went from 384.0 MB to 373.9 MB.
Total: 23.345500 ms (FindLiveObjects: 1.862300 ms CreateObjectMapping: 1.468300 ms MarkObjects: 14.712500 ms  DeleteObjects: 5.301100 ms)

AssetImportParameters requested are different than current active one (requested -> active):
  custom:container-demuxer-ogg: 62fdf1f143b41e24485cea50d1cbac27 -> 
  custom:framework-win-MediaFoundation: 216162199b28c13a410421893ffa2e32 -> 
  custom:container-muxer-webm: aa71ff27fc2769a1b78a27578f13a17b -> 
  custom:video-decoder-webm-vp8: 9c59270c3fd7afecdb556c50c9e8de78 -> 
  custom:SearchIndexIgnoredProperties: e643bd26f0fe6173181afceb89e7c659 -> 
  custom:AudioImporter_EditorPlatform: d09bf68614088b80899f8185d706f6e7 -> 
  custom:audio-decoder-ogg-vorbis: bf7c407c2cedff20999df2af8eb42d56 -> 
  custom:audio-encoder-webm-vorbis: bf7c407c2cedff20999df2af8eb42d56 -> 
  custom:video-decoder-ogg-theora: a1e56fd34408186e4bbccfd4996cb3dc -> 
  custom:CustomObjectIndexerAttribute: 756ad292c208cfabdd7b50bc23989ffe -> 
  custom:container-demuxer-webm: 4f35f7cbe854078d1ac9338744f61a02 -> 
  custom:video-encoder-webm-vp8: eb34c28f22e8b96e1ab97ce403110664 -> 
========================================================================
Received Import Request.
  Time since last request: 177489.110575 seconds.
  path: Assets/Asset Store/Frost Enviro Ice Assets/Assets/Bridges/IceBridge 1.prefab
  artifactKey: Guid(4e27bf2282fc56149bc612faf34a4d05) Importer(815301076,1909f56bfc062723c751e8b465ee728b)
Start importing Assets/Asset Store/Frost Enviro Ice Assets/Assets/Bridges/IceBridge 1.prefab using Guid(4e27bf2282fc56149bc612faf34a4d05) Importer(815301076,1909f56bfc062723c751e8b465ee728b)  -> (artifact id: '851dc451c3b00be78d8ad85c7ddd13d5') in 1.769245 seconds
Number of updated asset objects reloaded before import = 0
Number of asset objects unloaded after import = 32
========================================================================
Received Import Request.
  Time since last request: 0.000099 seconds.
  path: Assets/Asset Store/Frost Enviro Ice Assets/Assets/Bridges/IceBridge 2.prefab
  artifactKey: Guid(922cf455db081554c86ff617e5eea584) Importer(815301076,1909f56bfc062723c751e8b465ee728b)
Start importing Assets/Asset Store/Frost Enviro Ice Assets/Assets/Bridges/IceBridge 2.prefab using Guid(922cf455db081554c86ff617e5eea584) Importer(815301076,1909f56bfc062723c751e8b465ee728b)  -> (artifact id: '015c90ffdc10a7bc5700e6401f885dbe') in 0.079506 seconds
Number of updated asset objects reloaded before import = 0
Number of asset objects unloaded after import = 34
========================================================================
Received Import Request.
  Time since last request: 25.715714 seconds.
  path: Assets/Prefabs/Bridges/Bridge 2.prefab
  artifactKey: Guid(f87fb226dcf109e4d9f200db730dc22f) Importer(815301076,1909f56bfc062723c751e8b465ee728b)
Start importing Assets/Prefabs/Bridges/Bridge 2.prefab using Guid(f87fb226dcf109e4d9f200db730dc22f) Importer(815301076,1909f56bfc062723c751e8b465ee728b)  -> (artifact id: '266561c4632d999b02e0c931887f1387') in 0.018590 seconds
Number of updated asset objects reloaded before import = 0
Number of asset objects unloaded after import = 834
========================================================================
Received Import Request.
  Time since last request: 0.000045 seconds.
  path: Assets/Prefabs/Bridges/BridgeLevelSelect1.prefab
  artifactKey: Guid(d28eb38a67feb054aa0563bd68bff591) Importer(815301076,1909f56bfc062723c751e8b465ee728b)
Start importing Assets/Prefabs/Bridges/BridgeLevelSelect1.prefab using Guid(d28eb38a67feb054aa0563bd68bff591) Importer(815301076,1909f56bfc062723c751e8b465ee728b)  -> (artifact id: '0c95ad5efa93a88e3fc664988c8107fb') in 0.079417 seconds
Number of updated asset objects reloaded before import = 0
Number of asset objects unloaded after import = 106
========================================================================
Received Import Request.
  Time since last request: 0.000025 seconds.
  path: Assets/Prefabs/Bridges/SpringJointBridge1.prefab
  artifactKey: Guid(b36f6c41f7efa2044b156ad865c80831) Importer(815301076,1909f56bfc062723c751e8b465ee728b)
Start importing Assets/Prefabs/Bridges/SpringJointBridge1.prefab using Guid(b36f6c41f7efa2044b156ad865c80831) Importer(815301076,1909f56bfc062723c751e8b465ee728b)  -> (artifact id: '59f7dd048e11d619f2d5e7d6ccfa0649') in 0.020940 seconds
Number of updated asset objects reloaded before import = 0
Number of asset objects unloaded after import = 210
========================================================================
Received Import Request.
  Time since last request: 0.000030 seconds.
  path: Assets/Prefabs/Bridges/Bridge 4.prefab
  artifactKey: Guid(2a3e6ab7b2ce43749be9bc516f7bd4ba) Importer(815301076,1909f56bfc062723c751e8b465ee728b)
Start importing Assets/Prefabs/Bridges/Bridge 4.prefab using Guid(2a3e6ab7b2ce43749be9bc516f7bd4ba) Importer(815301076,1909f56bfc062723c751e8b465ee728b)  -> (artifact id: 'ee8e7e9477f46afe6b5a4397c0a2ec10') in 0.017204 seconds
Number of updated asset objects reloaded before import = 0
Number of asset objects unloaded after import = 1141
========================================================================
Received Import Request.
  Time since last request: 40.348505 seconds.
  path: Assets/Asset Store/Frost Enviro Ice Assets/Assets/Arcs/Materials/Arcs.001.mat
  artifactKey: Guid(a4b78f3e091d19b4786422bb594d2745) Importer(815301076,1909f56bfc062723c751e8b465ee728b)
Start importing Assets/Asset Store/Frost Enviro Ice Assets/Assets/Arcs/Materials/Arcs.001.mat using Guid(a4b78f3e091d19b4786422bb594d2745) Importer(815301076,1909f56bfc062723c751e8b465ee728b)  -> (artifact id: '2163693a55f54850e89159def306917c') in 0.032164 seconds
Number of updated asset objects reloaded before import = 0
Number of asset objects unloaded after import = 1
========================================================================
Received Import Request.
  Time since last request: 0.089767 seconds.
  path: Assets/Asset Store/Frost Enviro Ice Assets/Assets/Blocks/Materials/Blocks.mat
  artifactKey: Guid(3acf0dd0b382fd247b4aafcba11d317c) Importer(815301076,1909f56bfc062723c751e8b465ee728b)
Start importing Assets/Asset Store/Frost Enviro Ice Assets/Assets/Blocks/Materials/Blocks.mat using Guid(3acf0dd0b382fd247b4aafcba11d317c) Importer(815301076,1909f56bfc062723c751e8b465ee728b)  -> (artifact id: 'd5a0c44cf9c8388da3bf2c24daeba966') in 0.200221 seconds
Number of updated asset objects reloaded before import = 0
Number of asset objects unloaded after import = 9
========================================================================
Received Import Request.
  Time since last request: 0.000029 seconds.
  path: Assets/Asset Store/Frost Enviro Ice Assets/Assets/Blocks_Long/Materials/Blocks_Long.mat
  artifactKey: Guid(47a422d5b01d53b448674cb1b30bfc29) Importer(815301076,1909f56bfc062723c751e8b465ee728b)
Start importing Assets/Asset Store/Frost Enviro Ice Assets/Assets/Blocks_Long/Materials/Blocks_Long.mat using Guid(47a422d5b01d53b448674cb1b30bfc29) Importer(815301076,1909f56bfc062723c751e8b465ee728b)  -> (artifact id: '3ab465610fee59526962725aaecfd45c') in 0.084222 seconds
Number of updated asset objects reloaded before import = 0
Number of asset objects unloaded after import = 8
========================================================================
Received Import Request.
  Time since last request: 6.797181 seconds.
  path: Assets/Prefabs/Effects/Blizzard.prefab
  artifactKey: Guid(74ae338682c60ab4cb3bbd884ace03af) Importer(815301076,1909f56bfc062723c751e8b465ee728b)
Start importing Assets/Prefabs/Effects/Blizzard.prefab using Guid(74ae338682c60ab4cb3bbd884ace03af) Importer(815301076,1909f56bfc062723c751e8b465ee728b)  -> (artifact id: '578ff4e88926fe35fc078b3958a512b9') in 0.017397 seconds
Number of updated asset objects reloaded before import = 0
Number of asset objects unloaded after import = 12
========================================================================
Received Import Request.
  Time since last request: 0.000025 seconds.
  path: Assets/Prefabs/Effects/Crate_Broke.prefab
  artifactKey: Guid(a90e9c153736bea4eb00b81e58070cf4) Importer(815301076,1909f56bfc062723c751e8b465ee728b)
Start importing Assets/Prefabs/Effects/Crate_Broke.prefab using Guid(a90e9c153736bea4eb00b81e58070cf4) Importer(815301076,1909f56bfc062723c751e8b465ee728b)  -> (artifact id: 'adfe51c6aaacdd7286153dcf6c5ab3bf') in 0.142661 seconds
Number of updated asset objects reloaded before import = 0
Number of asset objects unloaded after import = 14
========================================================================
Received Import Request.
  Time since last request: 0.000037 seconds.
  path: Assets/Prefabs/Effects/SnowballTrail.prefab
  artifactKey: Guid(4e8be1cde0bb40e4788a5ae7c63b53e0) Importer(815301076,1909f56bfc062723c751e8b465ee728b)
Start importing Assets/Prefabs/Effects/SnowballTrail.prefab using Guid(4e8be1cde0bb40e4788a5ae7c63b53e0) Importer(815301076,1909f56bfc062723c751e8b465ee728b)  -> (artifact id: 'c930b244abdec6ac26f298bc796a5bf7') in 0.015197 seconds
Number of updated asset objects reloaded before import = 0
Number of asset objects unloaded after import = 8
========================================================================
Received Import Request.
  Time since last request: 0.000039 seconds.
  path: Assets/Prefabs/Effects/SnowballHit2.prefab
  artifactKey: Guid(16fc483805eaa4b4b82d888700e48e93) Importer(815301076,1909f56bfc062723c751e8b465ee728b)
Start importing Assets/Prefabs/Effects/SnowballHit2.prefab using Guid(16fc483805eaa4b4b82d888700e48e93) Importer(815301076,1909f56bfc062723c751e8b465ee728b)  -> (artifact id: 'a3092e20219e21edc514eee1bf4cf229') in 0.015271 seconds
Number of updated asset objects reloaded before import = 0
Number of asset objects unloaded after import = 13
========================================================================
Received Import Request.
  Time since last request: 0.000034 seconds.
  path: Assets/Prefabs/Effects/MachineHit.prefab
  artifactKey: Guid(b925a3b55958ed145867184456038bba) Importer(815301076,1909f56bfc062723c751e8b465ee728b)
Start importing Assets/Prefabs/Effects/MachineHit.prefab using Guid(b925a3b55958ed145867184456038bba) Importer(815301076,1909f56bfc062723c751e8b465ee728b)  -> (artifact id: '691855df479d68d740e1a94de9839c37') in 0.041903 seconds
Number of updated asset objects reloaded before import = 0
Number of asset objects unloaded after import = 7
========================================================================
Received Import Request.
  Time since last request: 0.000023 seconds.
  path: Assets/Prefabs/Effects/Robot_Explode.prefab
  artifactKey: Guid(6adc22b380e14914caba8267ea723f71) Importer(815301076,1909f56bfc062723c751e8b465ee728b)
Start importing Assets/Prefabs/Effects/Robot_Explode.prefab using Guid(6adc22b380e14914caba8267ea723f71) Importer(815301076,1909f56bfc062723c751e8b465ee728b)  -> (artifact id: '5083dec080c52560125b4e33d5a10fa7') in 0.019676 seconds
Number of updated asset objects reloaded before import = 0
Number of asset objects unloaded after import = 13
========================================================================
Received Import Request.
  Time since last request: 0.000024 seconds.
  path: Assets/Prefabs/Effects/Cloud Effect.prefab
  artifactKey: Guid(2200e49aa2bd9df4ab40dfbf4ce1f680) Importer(815301076,1909f56bfc062723c751e8b465ee728b)
Start importing Assets/Prefabs/Effects/Cloud Effect.prefab using Guid(2200e49aa2bd9df4ab40dfbf4ce1f680) Importer(815301076,1909f56bfc062723c751e8b465ee728b)  -> (artifact id: '69c382197f598ce9ce5313c019955270') in 0.041659 seconds
Number of updated asset objects reloaded before import = 0
Number of asset objects unloaded after import = 20
========================================================================
Received Import Request.
  Time since last request: 0.000029 seconds.
  path: Assets/Prefabs/Effects/Smoke.prefab
  artifactKey: Guid(a9ec2e096ed1d1a4f88e2946690fd145) Importer(815301076,1909f56bfc062723c751e8b465ee728b)
Start importing Assets/Prefabs/Effects/Smoke.prefab using Guid(a9ec2e096ed1d1a4f88e2946690fd145) Importer(815301076,1909f56bfc062723c751e8b465ee728b)  -> (artifact id: 'a8e6b6c020b8c27dd9bbd40782961366') in 0.012875 seconds
Number of updated asset objects reloaded before import = 0
Number of asset objects unloaded after import = 8
========================================================================
Received Import Request.
  Time since last request: 0.000036 seconds.
  path: Assets/Prefabs/Effects/Jump Effect.prefab
  artifactKey: Guid(b98e5c1d3b1d36b4ebdb83418e8ab6fd) Importer(815301076,1909f56bfc062723c751e8b465ee728b)
Start importing Assets/Prefabs/Effects/Jump Effect.prefab using Guid(b98e5c1d3b1d36b4ebdb83418e8ab6fd) Importer(815301076,1909f56bfc062723c751e8b465ee728b)  -> (artifact id: '9d454f991be4ace6769db0c0bf44ee6c') in 0.014586 seconds
Number of updated asset objects reloaded before import = 0
Number of asset objects unloaded after import = 9
========================================================================
Received Import Request.
  Time since last request: 0.000022 seconds.
  path: Assets/Prefabs/Effects/Player Death Effect.prefab
  artifactKey: Guid(21dedab05eca35a4ea7a7a97e03cdf1a) Importer(815301076,1909f56bfc062723c751e8b465ee728b)
Start importing Assets/Prefabs/Effects/Player Death Effect.prefab using Guid(21dedab05eca35a4ea7a7a97e03cdf1a) Importer(815301076,1909f56bfc062723c751e8b465ee728b)  -> (artifact id: 'c07f7b5ca94be1ec474661a68df5c9e7') in 0.014850 seconds
Number of updated asset objects reloaded before import = 0
Number of asset objects unloaded after import = 12
========================================================================
Received Import Request.
  Time since last request: 0.000027 seconds.
  path: Assets/Prefabs/Effects/Box Effect.prefab
  artifactKey: Guid(ea16025a735599249b4038d6629199f0) Importer(815301076,1909f56bfc062723c751e8b465ee728b)
Start importing Assets/Prefabs/Effects/Box Effect.prefab using Guid(ea16025a735599249b4038d6629199f0) Importer(815301076,1909f56bfc062723c751e8b465ee728b)  -> (artifact id: 'ffdafacf16f51f2ceeba243cb584575b') in 0.015459 seconds
Number of updated asset objects reloaded before import = 0
Number of asset objects unloaded after import = 8
========================================================================
Received Import Request.
  Time since last request: 0.000024 seconds.
  path: Assets/Prefabs/Effects/Explode.prefab
  artifactKey: Guid(a7eb1537dd0c35249a9009b92234d173) Importer(815301076,1909f56bfc062723c751e8b465ee728b)
Start importing Assets/Prefabs/Effects/Explode.prefab using Guid(a7eb1537dd0c35249a9009b92234d173) Importer(815301076,1909f56bfc062723c751e8b465ee728b)  -> (artifact id: 'be9c6979a2aea445ec481a18e35bd412') in 0.017327 seconds
Number of updated asset objects reloaded before import = 0
Number of asset objects unloaded after import = 19
========================================================================
Received Import Request.
  Time since last request: 1.089996 seconds.
  path: Assets/Prefabs/Eggs/FoxEgg.prefab
  artifactKey: Guid(e1c363776f242e649812fdb3ce25f91f) Importer(815301076,1909f56bfc062723c751e8b465ee728b)
Start importing Assets/Prefabs/Eggs/FoxEgg.prefab using Guid(e1c363776f242e649812fdb3ce25f91f) Importer(815301076,1909f56bfc062723c751e8b465ee728b)  -> (artifact id: 'd29dc12851726412b14dbe235d64f73f') in 0.048348 seconds
Number of updated asset objects reloaded before import = 0
Number of asset objects unloaded after import = 14
========================================================================
Received Import Request.
  Time since last request: 0.000037 seconds.
  path: Assets/Prefabs/Eggs/RaccoonEgg.prefab
  artifactKey: Guid(7d3ec545b6b3de4459d0b34b37dfefcc) Importer(815301076,1909f56bfc062723c751e8b465ee728b)
Start importing Assets/Prefabs/Eggs/RaccoonEgg.prefab using Guid(7d3ec545b6b3de4459d0b34b37dfefcc) Importer(815301076,1909f56bfc062723c751e8b465ee728b)  -> (artifact id: 'acd20f0ed96d77d60a27de5604936a26') in 0.030426 seconds
Number of updated asset objects reloaded before import = 0
Number of asset objects unloaded after import = 14
========================================================================
Received Import Request.
  Time since last request: 408.819474 seconds.
  path: Assets/Materials/Bear Mats/Bear_02.mat
  artifactKey: Guid(7bcf7368f026dfc4c80078809c5dad2f) Importer(815301076,1909f56bfc062723c751e8b465ee728b)
Start importing Assets/Materials/Bear Mats/Bear_02.mat using Guid(7bcf7368f026dfc4c80078809c5dad2f) Importer(815301076,1909f56bfc062723c751e8b465ee728b)  -> (artifact id: '39613e35b883b0d190d83f10a7530f7a') in 0.049318 seconds
Number of updated asset objects reloaded before import = 0
Number of asset objects unloaded after import = 2
========================================================================
Received Import Request.
  Time since last request: 0.000072 seconds.
  path: Assets/Materials/Bear Mats/Bear_05.mat
  artifactKey: Guid(5e5f2860875bbb4499a9d9ff7dbc3b3d) Importer(815301076,1909f56bfc062723c751e8b465ee728b)
Start importing Assets/Materials/Bear Mats/Bear_05.mat using Guid(5e5f2860875bbb4499a9d9ff7dbc3b3d) Importer(815301076,1909f56bfc062723c751e8b465ee728b)  -> (artifact id: '3d4efc0584e7d6694d6d0f7d06e53252') in 0.062935 seconds
Number of updated asset objects reloaded before import = 0
Number of asset objects unloaded after import = 2
========================================================================
Received Import Request.
  Time since last request: 0.000039 seconds.
  path: Assets/Materials/Bear Mats/Bear_03.mat
  artifactKey: Guid(8039678a861e5624d81093391354bef3) Importer(815301076,1909f56bfc062723c751e8b465ee728b)
Start importing Assets/Materials/Bear Mats/Bear_03.mat using Guid(8039678a861e5624d81093391354bef3) Importer(815301076,1909f56bfc062723c751e8b465ee728b)  -> (artifact id: 'aaf2d581cc1602ba186bb452008d00bf') in 0.049755 seconds
Number of updated asset objects reloaded before import = 0
Number of asset objects unloaded after import = 2
========================================================================
Received Import Request.
  Time since last request: 0.000032 seconds.
  path: Assets/Materials/Bear Mats/Bear_04.mat
  artifactKey: Guid(2f3e0737bd770d44cbfa894f850cf4e6) Importer(815301076,1909f56bfc062723c751e8b465ee728b)
Start importing Assets/Materials/Bear Mats/Bear_04.mat using Guid(2f3e0737bd770d44cbfa894f850cf4e6) Importer(815301076,1909f56bfc062723c751e8b465ee728b)  -> (artifact id: '3ae71346ad7345c7e86c6c8e72a96267') in 0.021794 seconds
Number of updated asset objects reloaded before import = 0
Number of asset objects unloaded after import = 2
========================================================================
Received Import Request.
  Time since last request: 101.818538 seconds.
  path: Assets/Materials/Cave Mats/BossCave2 Mat.mat
  artifactKey: Guid(2b30ec86e64654542a9f43fa6ace1ec8) Importer(815301076,1909f56bfc062723c751e8b465ee728b)
Start importing Assets/Materials/Cave Mats/BossCave2 Mat.mat using Guid(2b30ec86e64654542a9f43fa6ace1ec8) Importer(815301076,1909f56bfc062723c751e8b465ee728b)  -> (artifact id: 'd0c9ad5c3752619eaf36b8c707827ef9') in 0.041727 seconds
Number of updated asset objects reloaded before import = 0
Number of asset objects unloaded after import = 4
========================================================================
Received Import Request.
  Time since last request: 0.000035 seconds.
  path: Assets/Materials/Cave Mats/CaveBottom Mat.mat
  artifactKey: Guid(857a7cb0f5a33e54fb8b760da1d60ce2) Importer(815301076,1909f56bfc062723c751e8b465ee728b)
Start importing Assets/Materials/Cave Mats/CaveBottom Mat.mat using Guid(857a7cb0f5a33e54fb8b760da1d60ce2) Importer(815301076,1909f56bfc062723c751e8b465ee728b)  -> (artifact id: '3c78fdc0774d017b6436ec2644d14c2f') in 0.015860 seconds
Number of updated asset objects reloaded before import = 0
Number of asset objects unloaded after import = 2
========================================================================
Received Import Request.
  Time since last request: 0.000045 seconds.
  path: Assets/Materials/Cave Mats/CaveEntry Mat.mat
  artifactKey: Guid(4ed8e16f8f4f2694da4af30df9c0ac7f) Importer(815301076,1909f56bfc062723c751e8b465ee728b)
Start importing Assets/Materials/Cave Mats/CaveEntry Mat.mat using Guid(4ed8e16f8f4f2694da4af30df9c0ac7f) Importer(815301076,1909f56bfc062723c751e8b465ee728b)  -> (artifact id: 'd3e5cf79c942cacdf2acbca10920b300') in 0.020910 seconds
Number of updated asset objects reloaded before import = 0
Number of asset objects unloaded after import = 4
========================================================================
Received Import Request.
  Time since last request: 0.000064 seconds.
  path: Assets/Materials/Cave Mats/lvl3matfloor.mat
  artifactKey: Guid(f0f47243b779fe64dabe80c12a2b5846) Importer(815301076,1909f56bfc062723c751e8b465ee728b)
Start importing Assets/Materials/Cave Mats/lvl3matfloor.mat using Guid(f0f47243b779fe64dabe80c12a2b5846) Importer(815301076,1909f56bfc062723c751e8b465ee728b)  -> (artifact id: '7ad04f96109f4c6c5dd4318b0e9568dd') in 0.017588 seconds
Number of updated asset objects reloaded before import = 0
Number of asset objects unloaded after import = 2
========================================================================
Received Import Request.
  Time since last request: 0.000038 seconds.
  path: Assets/Materials/Cave Mats/CaveExit Mat.mat
  artifactKey: Guid(21d607d5d0f27d94d9fae2f0d1ca9b74) Importer(815301076,1909f56bfc062723c751e8b465ee728b)
Start importing Assets/Materials/Cave Mats/CaveExit Mat.mat using Guid(21d607d5d0f27d94d9fae2f0d1ca9b74) Importer(815301076,1909f56bfc062723c751e8b465ee728b)  -> (artifact id: 'f58fd0df073eb1a27c5fad16b704fd01') in 0.038411 seconds
Number of updated asset objects reloaded before import = 0
Number of asset objects unloaded after import = 4
========================================================================
Received Import Request.
  Time since last request: 51.231672 seconds.
  path: Assets/Materials/EnemySpawner Mats/RobotSpawnerBelt Mat.mat
  artifactKey: Guid(bd492b01dfcd1c047ac686ea189fd71c) Importer(815301076,1909f56bfc062723c751e8b465ee728b)
Start importing Assets/Materials/EnemySpawner Mats/RobotSpawnerBelt Mat.mat using Guid(bd492b01dfcd1c047ac686ea189fd71c) Importer(815301076,1909f56bfc062723c751e8b465ee728b)  -> (artifact id: 'aaa37d3c1fb7d576a23c372376559497') in 0.050185 seconds
Number of updated asset objects reloaded before import = 0
Number of asset objects unloaded after import = 2
========================================================================
Received Import Request.
  Time since last request: 0.000037 seconds.
  path: Assets/Materials/EnemySpawner Mats/RobotSpawnerLit Mat.mat
  artifactKey: Guid(011a96d15531b7546b4f58aa38b6c7f6) Importer(815301076,1909f56bfc062723c751e8b465ee728b)
Start importing Assets/Materials/EnemySpawner Mats/RobotSpawnerLit Mat.mat using Guid(011a96d15531b7546b4f58aa38b6c7f6) Importer(815301076,1909f56bfc062723c751e8b465ee728b)  -> (artifact id: '84e710f85a6ef9a362d474316e197abf') in 0.047922 seconds
Number of updated asset objects reloaded before import = 0
Number of asset objects unloaded after import = 2
========================================================================
Received Import Request.
  Time since last request: 40.206888 seconds.
  path: Assets/Materials/Fish Mats/FishGold_Mat.mat
  artifactKey: Guid(27bffcd0920e9bd4986199caa8b6ee73) Importer(815301076,1909f56bfc062723c751e8b465ee728b)
Start importing Assets/Materials/Fish Mats/FishGold_Mat.mat using Guid(27bffcd0920e9bd4986199caa8b6ee73) Importer(815301076,1909f56bfc062723c751e8b465ee728b)  -> (artifact id: '31783fcb1d233b8e7469393f9417519b') in 0.035771 seconds
Number of updated asset objects reloaded before import = 0
Number of asset objects unloaded after import = 2
========================================================================
Received Import Request.
  Time since last request: 17.657316 seconds.
  path: Assets/Materials/Ice Mats/Ice Mat2.mat
  artifactKey: Guid(46bc6737d47db1842a0fa405c80ba0fe) Importer(815301076,1909f56bfc062723c751e8b465ee728b)
Start importing Assets/Materials/Ice Mats/Ice Mat2.mat using Guid(46bc6737d47db1842a0fa405c80ba0fe) Importer(815301076,1909f56bfc062723c751e8b465ee728b)  -> (artifact id: '6c1693554beab98f7700005befd01085') in 0.014640 seconds
Number of updated asset objects reloaded before import = 0
Number of asset objects unloaded after import = 2
========================================================================
Received Import Request.
  Time since last request: 0.000028 seconds.
  path: Assets/Materials/Ice Mats/Ice Mat3.mat
  artifactKey: Guid(7b8c183bb8143914a9f1c95f00ac0372) Importer(815301076,1909f56bfc062723c751e8b465ee728b)
Start importing Assets/Materials/Ice Mats/Ice Mat3.mat using Guid(7b8c183bb8143914a9f1c95f00ac0372) Importer(815301076,1909f56bfc062723c751e8b465ee728b)  -> (artifact id: 'b11dc56e0cc9f05b3eb68791bda259f8') in 0.019173 seconds
Number of updated asset objects reloaded before import = 0
Number of asset objects unloaded after import = 2
========================================================================
Received Import Request.
  Time since last request: 10.715606 seconds.
  path: Assets/Materials/Igloo Mats/IglooHouseAtlas Mat.mat
  artifactKey: Guid(f0f47297fdf7af04fb925774bef3e7de) Importer(815301076,1909f56bfc062723c751e8b465ee728b)
Start importing Assets/Materials/Igloo Mats/IglooHouseAtlas Mat.mat using Guid(f0f47297fdf7af04fb925774bef3e7de) Importer(815301076,1909f56bfc062723c751e8b465ee728b)  -> (artifact id: 'd31a0549601fa47996f9d79b0992ab4d') in 0.235501 seconds
Number of updated asset objects reloaded before import = 0
Number of asset objects unloaded after import = 2
========================================================================
Received Import Request.
  Time since last request: 0.000052 seconds.
  path: Assets/Materials/Igloo Mats/InsideIgloo Mat.mat
  artifactKey: Guid(4f988a96d7f56cc4997c2f662d84d26b) Importer(815301076,1909f56bfc062723c751e8b465ee728b)
Start importing Assets/Materials/Igloo Mats/InsideIgloo Mat.mat using Guid(4f988a96d7f56cc4997c2f662d84d26b) Importer(815301076,1909f56bfc062723c751e8b465ee728b)  -> (artifact id: '6a786e4f6d3de7dad3cc073e24179819') in 0.029361 seconds
Number of updated asset objects reloaded before import = 0
Number of asset objects unloaded after import = 5
========================================================================
Received Import Request.
  Time since last request: 0.000050 seconds.
  path: Assets/Materials/Igloo Mats/IglooRay Mat.mat
  artifactKey: Guid(f8d5fcd28a8cf624b8928b63541ac44c) Importer(815301076,1909f56bfc062723c751e8b465ee728b)
Start importing Assets/Materials/Igloo Mats/IglooRay Mat.mat using Guid(f8d5fcd28a8cf624b8928b63541ac44c) Importer(815301076,1909f56bfc062723c751e8b465ee728b)  -> (artifact id: '7dcd517a20a9cc9da077a9448e2d4bbc') in 0.119536 seconds
Number of updated asset objects reloaded before import = 0
Number of asset objects unloaded after import = 2
========================================================================
Received Import Request.
  Time since last request: 14.146118 seconds.
  path: Assets/Materials/Misc Mats/bilmat.mat
  artifactKey: Guid(19f0518035138894ea9e94bde1023999) Importer(815301076,1909f56bfc062723c751e8b465ee728b)
Start importing Assets/Materials/Misc Mats/bilmat.mat using Guid(19f0518035138894ea9e94bde1023999) Importer(815301076,1909f56bfc062723c751e8b465ee728b)  -> (artifact id: '5ca716fb317347d2de9f14491ad59bbc') in 0.015442 seconds
Number of updated asset objects reloaded before import = 0
Number of asset objects unloaded after import = 1
========================================================================
Received Import Request.
  Time since last request: 0.000028 seconds.
  path: Assets/Materials/Misc Mats/Electro.mat
  artifactKey: Guid(410fa9a27b8dd1f4989dd201babd7d76) Importer(815301076,1909f56bfc062723c751e8b465ee728b)
Start importing Assets/Materials/Misc Mats/Electro.mat using Guid(410fa9a27b8dd1f4989dd201babd7d76) Importer(815301076,1909f56bfc062723c751e8b465ee728b)  -> (artifact id: '8786b7064edd669a804f470205afa34d') in 0.062673 seconds
Number of updated asset objects reloaded before import = 0
Number of asset objects unloaded after import = 2
========================================================================
Received Import Request.
  Time since last request: 0.000031 seconds.
  path: Assets/Materials/Misc Mats/Slash.mat
  artifactKey: Guid(8b3cc142b0783eb40be02cde5b31ca6a) Importer(815301076,1909f56bfc062723c751e8b465ee728b)
Start importing Assets/Materials/Misc Mats/Slash.mat using Guid(8b3cc142b0783eb40be02cde5b31ca6a) Importer(815301076,1909f56bfc062723c751e8b465ee728b)  -> (artifact id: 'a10da38ae5d5965b9a1b5dece9c2fd23') in 0.091030 seconds
Number of updated asset objects reloaded before import = 0
Number of asset objects unloaded after import = 2
========================================================================
Received Import Request.
  Time since last request: 0.000026 seconds.
  path: Assets/Materials/Misc Mats/Star.mat
  artifactKey: Guid(f7fb42690dbaf0d408f1f55ea89b7be8) Importer(815301076,1909f56bfc062723c751e8b465ee728b)
Start importing Assets/Materials/Misc Mats/Star.mat using Guid(f7fb42690dbaf0d408f1f55ea89b7be8) Importer(815301076,1909f56bfc062723c751e8b465ee728b)  -> (artifact id: '0cc27700d7f36265f1d6b3b7da85dcf2') in 0.016096 seconds
Number of updated asset objects reloaded before import = 0
Number of asset objects unloaded after import = 1
========================================================================
Received Import Request.
  Time since last request: 0.000031 seconds.
  path: Assets/Materials/Misc Mats/Sign Image.mat
  artifactKey: Guid(d5c45ce83ab9bab45933e5b624d66152) Importer(815301076,1909f56bfc062723c751e8b465ee728b)
Start importing Assets/Materials/Misc Mats/Sign Image.mat using Guid(d5c45ce83ab9bab45933e5b624d66152) Importer(815301076,1909f56bfc062723c751e8b465ee728b)  -> (artifact id: '80d3b1d4a28de6be88c73b5f2ea50b0a') in 0.038414 seconds
Number of updated asset objects reloaded before import = 0
Number of asset objects unloaded after import = 2
========================================================================
Received Import Request.
  Time since last request: 0.000024 seconds.
  path: Assets/Materials/Misc Mats/Point.mat
  artifactKey: Guid(e546d2d7171981b468cf29388d902e99) Importer(815301076,1909f56bfc062723c751e8b465ee728b)
Start importing Assets/Materials/Misc Mats/Point.mat using Guid(e546d2d7171981b468cf29388d902e99) Importer(815301076,1909f56bfc062723c751e8b465ee728b)  -> (artifact id: 'ffb26e754966555f4a9574e1c4e3b170') in 0.023788 seconds
Number of updated asset objects reloaded before import = 0
Number of asset objects unloaded after import = 2
========================================================================
Received Import Request.
  Time since last request: 0.000024 seconds.
  path: Assets/Materials/Misc Mats/Outline_Gold.mat
  artifactKey: Guid(409d6e3720fbf3b438d6107995d525f0) Importer(815301076,1909f56bfc062723c751e8b465ee728b)
Start importing Assets/Materials/Misc Mats/Outline_Gold.mat using Guid(409d6e3720fbf3b438d6107995d525f0) Importer(815301076,1909f56bfc062723c751e8b465ee728b)  -> (artifact id: 'c5d36f75826ba95c7adf3d82289c58d2') in 0.012944 seconds
Number of updated asset objects reloaded before import = 0
Number of asset objects unloaded after import = 1
========================================================================
Received Import Request.
  Time since last request: 12.509386 seconds.
  path: Assets/Materials/OilPuddle Mats/BubbleOil Mat.mat
  artifactKey: Guid(88659909e2222104e9d73396aceb2d44) Importer(815301076,1909f56bfc062723c751e8b465ee728b)
Start importing Assets/Materials/OilPuddle Mats/BubbleOil Mat.mat using Guid(88659909e2222104e9d73396aceb2d44) Importer(815301076,1909f56bfc062723c751e8b465ee728b)  -> (artifact id: 'c95ad2f7d9142f9cbe972291d0d080d9') in 0.056171 seconds
Number of updated asset objects reloaded before import = 0
Number of asset objects unloaded after import = 2
========================================================================
Received Import Request.
  Time since last request: 0.000044 seconds.
  path: Assets/Materials/OilPuddle Mats/Oil Mat.mat
  artifactKey: Guid(a938db66774a12447aebda7fd9378c04) Importer(815301076,1909f56bfc062723c751e8b465ee728b)
Start importing Assets/Materials/OilPuddle Mats/Oil Mat.mat using Guid(a938db66774a12447aebda7fd9378c04) Importer(815301076,1909f56bfc062723c751e8b465ee728b)  -> (artifact id: '174a2b49ab7c9bf43d8ed64bd99abd95') in 0.015180 seconds
Number of updated asset objects reloaded before import = 0
Number of asset objects unloaded after import = 1
========================================================================
Received Import Request.
  Time since last request: 0.000026 seconds.
  path: Assets/Materials/OilPuddle Mats/Goo Mat.mat
  artifactKey: Guid(c8f7374aac20eed40abcd4e8c65bbe05) Importer(815301076,1909f56bfc062723c751e8b465ee728b)
Start importing Assets/Materials/OilPuddle Mats/Goo Mat.mat using Guid(c8f7374aac20eed40abcd4e8c65bbe05) Importer(815301076,1909f56bfc062723c751e8b465ee728b)  -> (artifact id: '33c2f444401350df8e4d026ba7a2ca5f') in 0.014555 seconds
Number of updated asset objects reloaded before import = 0
Number of asset objects unloaded after import = 1
========================================================================
Received Import Request.
  Time since last request: 4.294485 seconds.
  path: Assets/Materials/Particle Mats/CFX2_Heart Add.mat
  artifactKey: Guid(c6c72eb3fd1471c489daf719f70f62aa) Importer(815301076,1909f56bfc062723c751e8b465ee728b)
Start importing Assets/Materials/Particle Mats/CFX2_Heart Add.mat using Guid(c6c72eb3fd1471c489daf719f70f62aa) Importer(815301076,1909f56bfc062723c751e8b465ee728b)  -> (artifact id: '46521fdccfaa43e06a16800876a127f5') in 0.077381 seconds
Number of updated asset objects reloaded before import = 0
Number of asset objects unloaded after import = 2
========================================================================
Received Import Request.
  Time since last request: 0.000031 seconds.
  path: Assets/Materials/Particle Mats/Snow.mat
  artifactKey: Guid(ca890bf583739f64e8a7cee0a52cea73) Importer(815301076,1909f56bfc062723c751e8b465ee728b)
Start importing Assets/Materials/Particle Mats/Snow.mat using Guid(ca890bf583739f64e8a7cee0a52cea73) Importer(815301076,1909f56bfc062723c751e8b465ee728b)  -> (artifact id: 'd17900ce352b546a58cbf54c3fd03600') in 0.013915 seconds
Number of updated asset objects reloaded before import = 0
Number of asset objects unloaded after import = 1
========================================================================
Received Import Request.
  Time since last request: 0.000028 seconds.
  path: Assets/Materials/Particle Mats/ExplosionMobile.mat
  artifactKey: Guid(92db4b45010a56146b66aa6ba3b712d3) Importer(815301076,1909f56bfc062723c751e8b465ee728b)
Start importing Assets/Materials/Particle Mats/ExplosionMobile.mat using Guid(92db4b45010a56146b66aa6ba3b712d3) Importer(815301076,1909f56bfc062723c751e8b465ee728b)  -> (artifact id: 'e0e21f82aa861eaa752523469b1a61e4') in 0.018797 seconds
Number of updated asset objects reloaded before import = 0
Number of asset objects unloaded after import = 1
========================================================================
Received Import Request.
  Time since last request: 0.000027 seconds.
  path: Assets/Materials/Particle Mats/Dust.mat
  artifactKey: Guid(79ee872b942eedb4881a49a781700839) Importer(815301076,1909f56bfc062723c751e8b465ee728b)
Start importing Assets/Materials/Particle Mats/Dust.mat using Guid(79ee872b942eedb4881a49a781700839) Importer(815301076,1909f56bfc062723c751e8b465ee728b)  -> (artifact id: 'fb1c28246e1b21ce11f5b42161de063f') in 0.011336 seconds
Number of updated asset objects reloaded before import = 0
Number of asset objects unloaded after import = 1
========================================================================
Received Import Request.
  Time since last request: 0.666003 seconds.
  path: Assets/Materials/PineTree Mats/Bark_Mat.mat
  artifactKey: Guid(a0cb09c7b35a2354691c0a3f89ac112d) Importer(815301076,1909f56bfc062723c751e8b465ee728b)
Start importing Assets/Materials/PineTree Mats/Bark_Mat.mat using Guid(a0cb09c7b35a2354691c0a3f89ac112d) Importer(815301076,1909f56bfc062723c751e8b465ee728b)  -> (artifact id: '4dcd478086938988ae8abd72d8c11e9f') in 0.014887 seconds
Number of updated asset objects reloaded before import = 0
Number of asset objects unloaded after import = 2
========================================================================
Received Import Request.
  Time since last request: 0.000031 seconds.
  path: Assets/Materials/PineTree Mats/Leafs_Mat.mat
  artifactKey: Guid(1ced8ffcc15c8e94590940dda686028c) Importer(815301076,1909f56bfc062723c751e8b465ee728b)
Start importing Assets/Materials/PineTree Mats/Leafs_Mat.mat using Guid(1ced8ffcc15c8e94590940dda686028c) Importer(815301076,1909f56bfc062723c751e8b465ee728b)  -> (artifact id: 'd970279008ab0a9902e1c2ceb34b588b') in 0.015207 seconds
Number of updated asset objects reloaded before import = 0
Number of asset objects unloaded after import = 2
========================================================================
Received Import Request.
  Time since last request: 0.000031 seconds.
  path: Assets/Materials/PineTree Mats/leafs_d2.mat
  artifactKey: Guid(ae359effcd07a14488307c827945c091) Importer(815301076,1909f56bfc062723c751e8b465ee728b)
Start importing Assets/Materials/PineTree Mats/leafs_d2.mat using Guid(ae359effcd07a14488307c827945c091) Importer(815301076,1909f56bfc062723c751e8b465ee728b)  -> (artifact id: '809091c30f1f74f682b0753cea9080ee') in 0.038671 seconds
Number of updated asset objects reloaded before import = 0
Number of asset objects unloaded after import = 2
========================================================================
Received Import Request.
  Time since last request: 1.333471 seconds.
  path: Assets/Materials/PowerupCoin Mats/PowerupCoin Image Mat.mat
  artifactKey: Guid(fc9bb6e1d0f1d1d4f84974e1ed6e6bd2) Importer(815301076,1909f56bfc062723c751e8b465ee728b)
Start importing Assets/Materials/PowerupCoin Mats/PowerupCoin Image Mat.mat using Guid(fc9bb6e1d0f1d1d4f84974e1ed6e6bd2) Importer(815301076,1909f56bfc062723c751e8b465ee728b)  -> (artifact id: 'beec2ce2b1e38dbd69d99b2d59e78456') in 0.054146 seconds
Number of updated asset objects reloaded before import = 0
Number of asset objects unloaded after import = 3
========================================================================
Received Import Request.
  Time since last request: 1.119713 seconds.
  path: Assets/Materials/Rocks Mats/Rock2 Mat.mat
  artifactKey: Guid(2e5aeeab5690a5445b267364fa5214da) Importer(815301076,1909f56bfc062723c751e8b465ee728b)
Start importing Assets/Materials/Rocks Mats/Rock2 Mat.mat using Guid(2e5aeeab5690a5445b267364fa5214da) Importer(815301076,1909f56bfc062723c751e8b465ee728b)  -> (artifact id: '80eb5b746a5f59a74ecfc673afc04957') in 0.014265 seconds
Number of updated asset objects reloaded before import = 0
Number of asset objects unloaded after import = 1
========================================================================
Received Import Request.
  Time since last request: 0.000035 seconds.
  path: Assets/Materials/Rocks Mats/Stalagmite3 Mat.mat
  artifactKey: Guid(646fb113f7d7f2945992caab6cbc1a81) Importer(815301076,1909f56bfc062723c751e8b465ee728b)
Start importing Assets/Materials/Rocks Mats/Stalagmite3 Mat.mat using Guid(646fb113f7d7f2945992caab6cbc1a81) Importer(815301076,1909f56bfc062723c751e8b465ee728b)  -> (artifact id: 'd8541e7a952f949cf96836002ba80f0e') in 0.066679 seconds
Number of updated asset objects reloaded before import = 0
Number of asset objects unloaded after import = 2
========================================================================
Received Import Request.
  Time since last request: 0.000036 seconds.
  path: Assets/Materials/Rocks Mats/Rock5 Mat.mat
  artifactKey: Guid(0b028b981a7d23f4a9a2fe1cea017204) Importer(815301076,1909f56bfc062723c751e8b465ee728b)
Start importing Assets/Materials/Rocks Mats/Rock5 Mat.mat using Guid(0b028b981a7d23f4a9a2fe1cea017204) Importer(815301076,1909f56bfc062723c751e8b465ee728b)  -> (artifact id: '97d7fc6f06f118df1ad2596b712b0e91') in 0.015530 seconds
Number of updated asset objects reloaded before import = 0
Number of asset objects unloaded after import = 1
========================================================================
Received Import Request.
  Time since last request: 0.000034 seconds.
  path: Assets/Materials/Rocks Mats/Rock3 Mat.mat
  artifactKey: Guid(42aaaef30165a6b42a3a4cde6b40b023) Importer(815301076,1909f56bfc062723c751e8b465ee728b)
Start importing Assets/Materials/Rocks Mats/Rock3 Mat.mat using Guid(42aaaef30165a6b42a3a4cde6b40b023) Importer(815301076,1909f56bfc062723c751e8b465ee728b)  -> (artifact id: '2c0c1d9935b8a193561821c444fc2dbb') in 0.016527 seconds
Number of updated asset objects reloaded before import = 0
Number of asset objects unloaded after import = 1
========================================================================
Received Import Request.
  Time since last request: 0.000024 seconds.
  path: Assets/Materials/Rocks Mats/Rock7 Mat.mat
  artifactKey: Guid(69676d931c89f6842acb807e4de4411d) Importer(815301076,1909f56bfc062723c751e8b465ee728b)
Start importing Assets/Materials/Rocks Mats/Rock7 Mat.mat using Guid(69676d931c89f6842acb807e4de4411d) Importer(815301076,1909f56bfc062723c751e8b465ee728b)  -> (artifact id: '47fe4d72e79b4eb2678fb539c2602eba') in 0.013697 seconds
Number of updated asset objects reloaded before import = 0
Number of asset objects unloaded after import = 1
========================================================================
Received Import Request.
  Time since last request: 0.614260 seconds.
  path: Assets/Materials/RockSlabs Mats/RockSlab_Upright Mat.mat
  artifactKey: Guid(d47accb90477cdc4284cb6793e5e0b75) Importer(815301076,1909f56bfc062723c751e8b465ee728b)
Start importing Assets/Materials/RockSlabs Mats/RockSlab_Upright Mat.mat using Guid(d47accb90477cdc4284cb6793e5e0b75) Importer(815301076,1909f56bfc062723c751e8b465ee728b)  -> (artifact id: '07c7e434c86126f45002b4221ccfd88c') in 0.051936 seconds
Number of updated asset objects reloaded before import = 0
Number of asset objects unloaded after import = 3
========================================================================
Received Import Request.
  Time since last request: 0.173337 seconds.
  path: Assets/Materials/Snow Materials/Map_Mat1.mat
  artifactKey: Guid(049886ac1c9be8d4db643c92eee3880f) Importer(815301076,1909f56bfc062723c751e8b465ee728b)
Start importing Assets/Materials/Snow Materials/Map_Mat1.mat using Guid(049886ac1c9be8d4db643c92eee3880f) Importer(815301076,1909f56bfc062723c751e8b465ee728b)  -> (artifact id: '87099984371e7a1d17e521de3402092d') in 0.016466 seconds
Number of updated asset objects reloaded before import = 0
Number of asset objects unloaded after import = 2
========================================================================
Received Import Request.
  Time since last request: 0.000033 seconds.
  path: Assets/Materials/Snow Materials/Snowball_Mat.mat
  artifactKey: Guid(5a8eb8738b1403240ad8173266802e78) Importer(815301076,1909f56bfc062723c751e8b465ee728b)
Start importing Assets/Materials/Snow Materials/Snowball_Mat.mat using Guid(5a8eb8738b1403240ad8173266802e78) Importer(815301076,1909f56bfc062723c751e8b465ee728b)  -> (artifact id: '83e5f19914fe3ea49dd13dad16370f35') in 0.028241 seconds
Number of updated asset objects reloaded before import = 0
Number of asset objects unloaded after import = 2
========================================================================
Received Import Request.
  Time since last request: 0.000030 seconds.
  path: Assets/Materials/Snow Materials/Snow_Mat 4 Big.mat
  artifactKey: Guid(d4f30f254af8e354b9bdc7a0a7fe2431) Importer(815301076,1909f56bfc062723c751e8b465ee728b)
Start importing Assets/Materials/Snow Materials/Snow_Mat 4 Big.mat using Guid(d4f30f254af8e354b9bdc7a0a7fe2431) Importer(815301076,1909f56bfc062723c751e8b465ee728b)  -> (artifact id: 'f57b647017c6728b8e6ef12900144e38') in 0.019060 seconds
Number of updated asset objects reloaded before import = 0
Number of asset objects unloaded after import = 2
========================================================================
Received Import Request.
  Time since last request: 0.000038 seconds.
  path: Assets/Materials/Snow Materials/Snow_Mat 6 Small.mat
  artifactKey: Guid(9f9ee945d2fe0ad49bbe3cd7fa9f9061) Importer(815301076,1909f56bfc062723c751e8b465ee728b)
Start importing Assets/Materials/Snow Materials/Snow_Mat 6 Small.mat using Guid(9f9ee945d2fe0ad49bbe3cd7fa9f9061) Importer(815301076,1909f56bfc062723c751e8b465ee728b)  -> (artifact id: '558145396293fa35bbde286ea3ea2e2c') in 0.019705 seconds
Number of updated asset objects reloaded before import = 0
Number of asset objects unloaded after import = 2
========================================================================
Received Import Request.
  Time since last request: 0.000023 seconds.
  path: Assets/Materials/Snow Materials/Snow_Mat.mat
  artifactKey: Guid(0eecb28fa300313499dfa87d75802da5) Importer(815301076,1909f56bfc062723c751e8b465ee728b)
Start importing Assets/Materials/Snow Materials/Snow_Mat.mat using Guid(0eecb28fa300313499dfa87d75802da5) Importer(815301076,1909f56bfc062723c751e8b465ee728b)  -> (artifact id: 'fb7dec48f284e11995eb28ae56e682c8') in 0.020425 seconds
Number of updated asset objects reloaded before import = 0
Number of asset objects unloaded after import = 2
========================================================================
Received Import Request.
  Time since last request: 0.000036 seconds.
  path: Assets/Materials/Snow Materials/Map_SnowPiles_Mat2.mat
  artifactKey: Guid(906edc899ec7b624a9bbbdc700dd215c) Importer(815301076,1909f56bfc062723c751e8b465ee728b)
Start importing Assets/Materials/Snow Materials/Map_SnowPiles_Mat2.mat using Guid(906edc899ec7b624a9bbbdc700dd215c) Importer(815301076,1909f56bfc062723c751e8b465ee728b)  -> (artifact id: '7f0fbfbc15ee3b089511cb2d3c1ffa01') in 0.018988 seconds
Number of updated asset objects reloaded before import = 0
Number of asset objects unloaded after import = 2
========================================================================
Received Import Request.
  Time since last request: 0.000024 seconds.
  path: Assets/Materials/Snow Materials/Snow_Mat 3.mat
  artifactKey: Guid(ba83013469b590547a283647646bf2f7) Importer(815301076,1909f56bfc062723c751e8b465ee728b)
Start importing Assets/Materials/Snow Materials/Snow_Mat 3.mat using Guid(ba83013469b590547a283647646bf2f7) Importer(815301076,1909f56bfc062723c751e8b465ee728b)  -> (artifact id: 'fae091a65f71f18b48cf0be976c452b4') in 0.014949 seconds
Number of updated asset objects reloaded before import = 0
Number of asset objects unloaded after import = 2
========================================================================
Received Import Request.
  Time since last request: 0.095305 seconds.
  path: Assets/Materials/Snow Mats/Winter_Cliff_A Platform.mat
  artifactKey: Guid(a5a1ed9f2d1b2b74cbc90561047a0b29) Importer(815301076,1909f56bfc062723c751e8b465ee728b)
Start importing Assets/Materials/Snow Mats/Winter_Cliff_A Platform.mat using Guid(a5a1ed9f2d1b2b74cbc90561047a0b29) Importer(815301076,1909f56bfc062723c751e8b465ee728b)  -> (artifact id: 'd1044f6e512dae22a7b2331b47fc6aea') in 0.110719 seconds
Number of updated asset objects reloaded before import = 0
Number of asset objects unloaded after import = 3
========================================================================
Received Import Request.
  Time since last request: 0.000032 seconds.
  path: Assets/Materials/Snow Mats/Winter_IcePatch_Rocks.mat
  artifactKey: Guid(160c89a2a4889c948ac060b753e54fac) Importer(815301076,1909f56bfc062723c751e8b465ee728b)
Start importing Assets/Materials/Snow Mats/Winter_IcePatch_Rocks.mat using Guid(160c89a2a4889c948ac060b753e54fac) Importer(815301076,1909f56bfc062723c751e8b465ee728b)  -> (artifact id: '8f0069bbdedc55694ccdbd998c646250') in 0.018145 seconds
Number of updated asset objects reloaded before import = 0
Number of asset objects unloaded after import = 3
========================================================================
Received Import Request.
  Time since last request: 0.000031 seconds.
  path: Assets/Materials/Snow Mats/Winter_Road.mat
  artifactKey: Guid(7d98e98d55fea914f9b25016e4801fc6) Importer(815301076,1909f56bfc062723c751e8b465ee728b)
Start importing Assets/Materials/Snow Mats/Winter_Road.mat using Guid(7d98e98d55fea914f9b25016e4801fc6) Importer(815301076,1909f56bfc062723c751e8b465ee728b)  -> (artifact id: 'a9da3a825bc912af9f575c6ff0a82121') in 0.046352 seconds
Number of updated asset objects reloaded before import = 0
Number of asset objects unloaded after import = 3
========================================================================
Received Import Request.
  Time since last request: 0.000028 seconds.
  path: Assets/Materials/Snow Mats/Winter_IcePatch_basecolor.mat
  artifactKey: Guid(1bfa876d6b073e04eb70785672f072c6) Importer(815301076,1909f56bfc062723c751e8b465ee728b)
Start importing Assets/Materials/Snow Mats/Winter_IcePatch_basecolor.mat using Guid(1bfa876d6b073e04eb70785672f072c6) Importer(815301076,1909f56bfc062723c751e8b465ee728b)  -> (artifact id: 'b8684087682888d6be26fbe410864482') in 0.015251 seconds
Number of updated asset objects reloaded before import = 0
Number of asset objects unloaded after import = 3
========================================================================
Received Import Request.
  Time since last request: 0.000036 seconds.
  path: Assets/Materials/Snow Mats/Winter_CrakedGround.mat
  artifactKey: Guid(444ca7c797a98584bb9088b1f3bc86c4) Importer(815301076,1909f56bfc062723c751e8b465ee728b)
Start importing Assets/Materials/Snow Mats/Winter_CrakedGround.mat using Guid(444ca7c797a98584bb9088b1f3bc86c4) Importer(815301076,1909f56bfc062723c751e8b465ee728b)  -> (artifact id: 'efffd53a5e1a88494a4bd814da56c728') in 0.051347 seconds
Number of updated asset objects reloaded before import = 0
Number of asset objects unloaded after import = 3
========================================================================
Received Import Request.
  Time since last request: 1.119657 seconds.
  path: Assets/Materials/Tents Mats/TentOrange Mat.mat
  artifactKey: Guid(64acf2c172b401f42878c68a480090c6) Importer(815301076,1909f56bfc062723c751e8b465ee728b)
Start importing Assets/Materials/Tents Mats/TentOrange Mat.mat using Guid(64acf2c172b401f42878c68a480090c6) Importer(815301076,1909f56bfc062723c751e8b465ee728b)  -> (artifact id: '45679bc26bf405f44732810afba16ae6') in 0.013710 seconds
Number of updated asset objects reloaded before import = 0
Number of asset objects unloaded after import = 1
========================================================================
Received Import Request.
  Time since last request: 0.000037 seconds.
  path: Assets/Materials/Tents Mats/TentYellow Mat.mat
  artifactKey: Guid(c3c19d8460e47eb4888f277563c09419) Importer(815301076,1909f56bfc062723c751e8b465ee728b)
Start importing Assets/Materials/Tents Mats/TentYellow Mat.mat using Guid(c3c19d8460e47eb4888f277563c09419) Importer(815301076,1909f56bfc062723c751e8b465ee728b)  -> (artifact id: '30fc208c1ed59137fd840df75fa814c6') in 0.014046 seconds
Number of updated asset objects reloaded before import = 0
Number of asset objects unloaded after import = 1
========================================================================
Received Import Request.
  Time since last request: 340.447769 seconds.
  path: Assets/Prefabs/Hazards/Oil_Puddle1.prefab
  artifactKey: Guid(0a709be2d78bd7d48891345cbacf2f9f) Importer(815301076,1909f56bfc062723c751e8b465ee728b)
Start importing Assets/Prefabs/Hazards/Oil_Puddle1.prefab using Guid(0a709be2d78bd7d48891345cbacf2f9f) Importer(815301076,1909f56bfc062723c751e8b465ee728b)  -> (artifact id: 'cf3550d7860d5d5965776145c238936e') in 0.022656 seconds
Number of updated asset objects reloaded before import = 0
Number of asset objects unloaded after import = 14
========================================================================
Received Import Request.
  Time since last request: 69.840885 seconds.
  path: Assets/Prefabs/Kennys/LevelEnd.prefab
  artifactKey: Guid(98a467461f1afd2428df475e2236e395) Importer(815301076,1909f56bfc062723c751e8b465ee728b)
Start importing Assets/Prefabs/Kennys/LevelEnd.prefab using Guid(98a467461f1afd2428df475e2236e395) Importer(815301076,1909f56bfc062723c751e8b465ee728b)  -> (artifact id: '1d5d1490f9fcd928d0bb74206bf2f16f') in 0.004208 seconds
Number of updated asset objects reloaded before import = 0
Number of asset objects unloaded after import = 16
========================================================================
Received Import Request.
  Time since last request: 0.000029 seconds.
  path: Assets/Prefabs/Kennys/Star.prefab
  artifactKey: Guid(23354d4e3005001469d0aa22abdee0c3) Importer(815301076,1909f56bfc062723c751e8b465ee728b)
Start importing Assets/Prefabs/Kennys/Star.prefab using Guid(23354d4e3005001469d0aa22abdee0c3) Importer(815301076,1909f56bfc062723c751e8b465ee728b)  -> (artifact id: '19310f66e44500f009dc590df7ff223c') in 0.002929 seconds
Number of updated asset objects reloaded before import = 0
Number of asset objects unloaded after import = 6
========================================================================
Received Import Request.
  Time since last request: 3.103455 seconds.
  path: Assets/Prefabs/Level/PowerupCoinGlide.prefab
  artifactKey: Guid(ec123cfb96e31e54984b58b5896a14b1) Importer(815301076,1909f56bfc062723c751e8b465ee728b)
Start importing Assets/Prefabs/Level/PowerupCoinGlide.prefab using Guid(ec123cfb96e31e54984b58b5896a14b1) Importer(815301076,1909f56bfc062723c751e8b465ee728b)  -> (artifact id: 'e926b2c9316c848f9c0c63207662a0d4') in 0.024879 seconds
Number of updated asset objects reloaded before import = 0
Number of asset objects unloaded after import = 13
========================================================================
Received Import Request.
  Time since last request: 0.000041 seconds.
  path: Assets/Prefabs/Level/PowerupCoinSliding.prefab
  artifactKey: Guid(109b3aa2dd20480419be99c8ae7ce431) Importer(815301076,1909f56bfc062723c751e8b465ee728b)
Start importing Assets/Prefabs/Level/PowerupCoinSliding.prefab using Guid(109b3aa2dd20480419be99c8ae7ce431) Importer(815301076,1909f56bfc062723c751e8b465ee728b)  -> (artifact id: '4c6663d15996956126cd6e85ba9bd9bd') in 0.048218 seconds
Number of updated asset objects reloaded before import = 0
Number of asset objects unloaded after import = 13
========================================================================
Received Import Request.
  Time since last request: 0.000068 seconds.
  path: Assets/Prefabs/Level/PowerupCoinSnowball.prefab
  artifactKey: Guid(76b5cb8f849bdd34eb7fc395ffc9543c) Importer(815301076,1909f56bfc062723c751e8b465ee728b)
Start importing Assets/Prefabs/Level/PowerupCoinSnowball.prefab using Guid(76b5cb8f849bdd34eb7fc395ffc9543c) Importer(815301076,1909f56bfc062723c751e8b465ee728b)  -> (artifact id: 'e958b071cc634f8d1962998cb1c05313') in 0.039210 seconds
Number of updated asset objects reloaded before import = 0
Number of asset objects unloaded after import = 13
========================================================================
Received Import Request.
  Time since last request: 0.000025 seconds.
  path: Assets/Prefabs/Level/PowerupCoinSleep.prefab
  artifactKey: Guid(c27e7a8787daec04c9ab0dfd30a52ef0) Importer(815301076,1909f56bfc062723c751e8b465ee728b)
Start importing Assets/Prefabs/Level/PowerupCoinSleep.prefab using Guid(c27e7a8787daec04c9ab0dfd30a52ef0) Importer(815301076,1909f56bfc062723c751e8b465ee728b)  -> (artifact id: 'c85b12247c5c204c7679d2a9bb5f4e2f') in 0.026414 seconds
Number of updated asset objects reloaded before import = 0
Number of asset objects unloaded after import = 13
========================================================================
Received Import Request.
  Time since last request: 11.652207 seconds.
  path: Assets/Prefabs/New/Barrel Roll Cube 2.prefab
  artifactKey: Guid(8116196dcc3078d49960fe0e8e5e77a5) Importer(815301076,1909f56bfc062723c751e8b465ee728b)
Start importing Assets/Prefabs/New/Barrel Roll Cube 2.prefab using Guid(8116196dcc3078d49960fe0e8e5e77a5) Importer(815301076,1909f56bfc062723c751e8b465ee728b)  -> (artifact id: '1b7ca391258bd0ce8516c398dc504888') in 0.029691 seconds
Number of updated asset objects reloaded before import = 0
Number of asset objects unloaded after import = 14
========================================================================
Received Import Request.
  Time since last request: 0.000026 seconds.
  path: Assets/Prefabs/New/ShrinkingPlatform.prefab
  artifactKey: Guid(5e3d5570278b2fc488a721e3da6343c9) Importer(815301076,1909f56bfc062723c751e8b465ee728b)
Start importing Assets/Prefabs/New/ShrinkingPlatform.prefab using Guid(5e3d5570278b2fc488a721e3da6343c9) Importer(815301076,1909f56bfc062723c751e8b465ee728b)  -> (artifact id: 'a1d7bba46c6233bf01d210756d85cde1') in 0.115311 seconds
Number of updated asset objects reloaded before import = 0
Number of asset objects unloaded after import = 18
========================================================================
Received Import Request.
  Time since last request: 0.000028 seconds.
  path: Assets/Prefabs/New/Bounce Target.prefab
  artifactKey: Guid(5b1b04c8b381519419abfbbda4500c82) Importer(815301076,1909f56bfc062723c751e8b465ee728b)
Start importing Assets/Prefabs/New/Bounce Target.prefab using Guid(5b1b04c8b381519419abfbbda4500c82) Importer(815301076,1909f56bfc062723c751e8b465ee728b)  -> (artifact id: '40fc0726fc7d93e9659b60b25133fe20') in 0.018670 seconds
Number of updated asset objects reloaded before import = 0
Number of asset objects unloaded after import = 10
========================================================================
Received Import Request.
  Time since last request: 0.000051 seconds.
  path: Assets/Prefabs/New/UnderWater Effects.prefab
  artifactKey: Guid(8bee21a7abf969148a80b5d53840ae0c) Importer(815301076,1909f56bfc062723c751e8b465ee728b)
Start importing Assets/Prefabs/New/UnderWater Effects.prefab using Guid(8bee21a7abf969148a80b5d53840ae0c) Importer(815301076,1909f56bfc062723c751e8b465ee728b)  -> (artifact id: '7cb545d27fc6a5084ca9c9c7065baee5') in 0.002551 seconds
Number of updated asset objects reloaded before import = 0
Number of asset objects unloaded after import = 6
========================================================================
Received Import Request.
  Time since last request: 2.463863 seconds.
  path: Assets/Prefabs/Player/Player.prefab
  artifactKey: Guid(bc128a9e7a583564cb550ac389f88ca6) Importer(815301076,1909f56bfc062723c751e8b465ee728b)
Start importing Assets/Prefabs/Player/Player.prefab using Guid(bc128a9e7a583564cb550ac389f88ca6) Importer(815301076,1909f56bfc062723c751e8b465ee728b)  -> (artifact id: 'dabf269086b7d2b610f7dcf860a5f91c') in 0.046150 seconds
Number of updated asset objects reloaded before import = 0
Number of asset objects unloaded after import = 101
